TN:
SF:src/modules/appointments/services/CreateAppointmentService.ts
FN:13,(anonymous_18)
FN:16,CreateAppointmentService
FN:23,(anonymous_20)
FNF:3
FNH:3
FNDA:1,(anonymous_18)
FNDA:2,CreateAppointmentService
FNDA:3,(anonymous_20)
DA:1,1
DA:4,1
DA:5,1
DA:13,1
DA:20,2
DA:23,3
DA:24,3
DA:25,3
DA:29,3
DA:30,1
DA:33,2
DA:38,2
DA:40,1
DA:42,1
LF:14
LH:14
BRDA:29,0,0,1
BRDA:29,0,1,2
BRF:2
BRH:2
end_of_record
TN:
SF:src/modules/users/services/AuthenticateUserService.ts
FN:20,(anonymous_18)
FN:21,AuthenticateUserService
FN:29,(anonymous_20)
FNF:3
FNH:3
FNDA:1,(anonymous_18)
FNDA:4,AuthenticateUserService
FNDA:4,(anonymous_20)
DA:1,1
DA:3,1
DA:4,1
DA:7,1
DA:20,1
DA:23,4
DA:26,4
DA:29,4
DA:30,4
DA:31,1
DA:34,3
DA:36,3
DA:37,1
DA:40,2
DA:45,2
DA:46,1
DA:49,1
DA:54,1
DA:56,1
DA:58,1
LF:20
LH:20
BRDA:30,0,0,1
BRDA:30,0,1,3
BRDA:30,1,0,4
BRDA:30,1,1,4
BRDA:36,2,0,1
BRDA:36,2,1,2
BRDA:45,3,0,1
BRDA:45,3,1,1
BRF:8
BRH:8
end_of_record
TN:
SF:src/modules/users/services/CreateUserService.ts
FN:14,(anonymous_18)
FN:17,CreateUserService
FN:26,(anonymous_20)
FNF:3
FNH:3
FNDA:2,(anonymous_18)
FNDA:4,CreateUserService
FNDA:5,(anonymous_20)
DA:2,2
DA:5,2
DA:14,2
DA:21,4
DA:23,4
DA:26,5
DA:27,5
DA:29,5
DA:30,1
DA:33,4
DA:35,4
DA:41,4
DA:43,2
DA:45,2
LF:14
LH:14
BRDA:27,0,0,5
BRDA:29,1,0,1
BRDA:29,1,1,4
BRF:3
BRH:3
end_of_record
TN:
SF:src/modules/users/services/ResetPasswordService.ts
FN:15,(anonymous_18)
FN:16,ResetPasswordService
FN:27,(anonymous_20)
FNF:3
FNH:3
FNDA:1,(anonymous_18)
FNDA:4,ResetPasswordService
FNDA:4,(anonymous_20)
DA:4,1
DA:5,1
DA:7,1
DA:15,1
DA:18,4
DA:21,4
DA:24,4
DA:27,4
DA:28,4
DA:30,4
DA:31,1
DA:34,3
DA:36,3
DA:37,1
DA:40,2
DA:42,2
DA:43,1
DA:46,1
DA:48,2
DA:50,1
DA:52,1
LF:21
LH:21
BRDA:28,0,0,4
BRDA:30,1,0,1
BRDA:30,1,1,3
BRDA:36,2,0,1
BRDA:36,2,1,2
BRDA:42,3,0,1
BRDA:42,3,1,1
BRF:7
BRH:7
end_of_record
TN:
SF:src/modules/users/services/SendForgotPasswordEmailService.ts
FN:13,(anonymous_18)
FN:14,SendForgotPasswordEmailService
FN:25,(anonymous_20)
FNF:3
FNH:3
FNDA:1,(anonymous_18)
FNDA:3,SendForgotPasswordEmailService
FNDA:3,(anonymous_20)
DA:1,1
DA:2,1
DA:6,1
DA:13,1
DA:16,3
DA:19,3
DA:22,3
DA:25,3
DA:26,3
DA:28,3
DA:29,1
DA:32,2
DA:34,2
DA:41,4
DA:53,1
DA:55,1
LF:16
LH:16
BRDA:26,0,0,3
BRDA:28,1,0,1
BRDA:28,1,1,2
BRF:3
BRH:3
end_of_record
TN:
SF:src/modules/users/services/UpdateUserAvatarService.ts
FN:16,(anonymous_18)
FN:27,UpdateUserAvatarService
FN:35,(anonymous_20)
FNF:3
FNH:3
FNDA:1,(anonymous_18)
FNDA:3,UpdateUserAvatarService
FNDA:4,(anonymous_20)
DA:5,1
DA:7,1
DA:16,1
DA:29,3
DA:32,3
DA:35,4
DA:36,4
DA:38,4
DA:39,1
DA:42,5
DA:43,2
DA:46,3
DA:48,3
DA:50,6
DA:52,3
DA:54,1
DA:56,1
LF:17
LH:17
BRDA:36,0,0,4
BRDA:36,0,1,3
BRDA:38,1,0,1
BRDA:38,1,1,3
BRDA:42,2,0,2
BRDA:42,2,1,1
BRF:6
BRH:6
end_of_record
